[0.026s] Invoking command in '/home/ethan/ros2_ws/build/my_opencv_demo': CMAKE_PREFIX_PATH=${CMAKE_PREFIX_PATH}:/opt/ros/iron /usr/bin/cmake --build /home/ethan/ros2_ws/build/my_opencv_demo -- -j6 -l6
[0.159s] [ 50%] Built target minimal_opencv_ros2_node
[0.169s] [ 75%] [32mBuilding CXX object CMakeFiles/minimal_opencv_ros2_subscriber.dir/src/minimal_opencv_ros2_subscriber.cpp.o[0m
[9.060s] [01m[K/home/ethan/ros2_ws/src/my_opencv_demo/src/minimal_opencv_ros2_subscriber.cpp:[m[K In member function â€˜[01m[Kvoid MinimalImageSubscriber::image_callback(sensor_msgs::msg::Image_<std::allocator<void> >::SharedPtr)[m[Kâ€™:
[9.060s] [01m[K/home/ethan/ros2_ws/src/my_opencv_demo/src/minimal_opencv_ros2_subscriber.cpp:34:85:[m[K [01;31m[Kerror: [m[Kconversion from â€˜[01m[Kcv::aruco::Dictionary[m[Kâ€™ to non-scalar type â€˜[01m[Kcv::Ptr<cv::aruco::Dictionary>[m[Kâ€™ requested
[9.060s]    34 |       cv::Ptr<cv::aruco::Dictionary> dictionary = [01;31m[Kcv::aruco::getPredefinedDictionary(cv::aruco::DICT_4X4_50)[m[K;
[9.061s]       |                                                   [01;31m[K~~~~~~~~~~~~~~~~~~~~~~~~~~~~~~~~~~^~~~~~~~~~~~~~~~~~~~~~~~[m[K
[16.079s] gmake[2]: *** [CMakeFiles/minimal_opencv_ros2_subscriber.dir/build.make:76: CMakeFiles/minimal_opencv_ros2_subscriber.dir/src/minimal_opencv_ros2_subscriber.cpp.o] Error 1
[16.080s] gmake[1]: *** [CMakeFiles/Makefile2:165: CMakeFiles/minimal_opencv_ros2_subscriber.dir/all] Error 2
[16.081s] gmake: *** [Makefile:146: all] Error 2
[16.087s] Invoked command in '/home/ethan/ros2_ws/build/my_opencv_demo' returned '2': CMAKE_PREFIX_PATH=${CMAKE_PREFIX_PATH}:/opt/ros/iron /usr/bin/cmake --build /home/ethan/ros2_ws/build/my_opencv_demo -- -j6 -l6
