-- Found ament_cmake: 2.0.6 (/opt/ros/iron/share/ament_cmake/cmake)
-- Found rclcpp: 21.0.7 (/opt/ros/iron/share/rclcpp/cmake)
-- Found rosidl_generator_c: 4.0.1 (/opt/ros/iron/share/rosidl_generator_c/cmake)
-- Found rosidl_generator_cpp: 4.0.1 (/opt/ros/iron/share/rosidl_generator_cpp/cmake)
-- Using all available rosidl_typesupport_c: rosidl_typesupport_fastrtps_c;rosidl_typesupport_introspection_c
-- Using all available rosidl_typesupport_cpp: rosidl_typesupport_fastrtps_cpp;rosidl_typesupport_introspection_cpp
-- Found rmw_implementation_cmake: 7.1.0 (/opt/ros/iron/share/rmw_implementation_cmake/cmake)
-- Found rmw_fastrtps_cpp: 7.1.4 (/opt/ros/iron/share/rmw_fastrtps_cpp/cmake)
-- Using RMW implementation 'rmw_fastrtps_cpp' as default
-- Found std_msgs: 5.0.1 (/opt/ros/iron/share/std_msgs/cmake)
-- Found sensor_msgs: 5.0.1 (/opt/ros/iron/share/sensor_msgs/cmake)
-- Found cv_bridge: 3.5.0 (/opt/ros/iron/share/cv_bridge/cmake)
-- Found image_transport: 4.2.4 (/opt/ros/iron/share/image_transport/cmake)
-- Found ament_lint_auto: 0.14.4 (/opt/ros/iron/share/ament_lint_auto/cmake)
-- Added test 'cppcheck' to perform static code analysis on C / C++ code
-- Configured cppcheck include dirs: 
-- Configured cppcheck exclude dirs and/or files: 
-- Added test 'flake8' to check Python code syntax and style conventions
-- Configured 'flake8' exclude dirs and/or files: 
-- Added test 'lint_cmake' to check CMake code style
-- Added test 'pep257' to check Python code against some of the docstring style conventions in PEP 257
-- Added test 'uncrustify' to check C / C++ code style
-- Configured uncrustify additional arguments: 
-- Added test 'xmllint' to check XML markup files
-- Configuring done
-- Generating done
-- Build files have been written to: /home/ethan/ros2_ws/build/my_opencv_demo
[35m[1mConsolidate compiler generated dependencies of target minimal_opencv_ros2_node[0m
[35m[1mConsolidate compiler generated dependencies of target minimal_opencv_ros2_subscriber[0m
[ 50%] [32mBuilding CXX object CMakeFiles/minimal_opencv_ros2_subscriber.dir/src/minimal_opencv_ros2_subscriber.cpp.o[0m
[ 75%] Built target minimal_opencv_ros2_node
[01m[K/home/ethan/ros2_ws/src/my_opencv_demo/src/minimal_opencv_ros2_subscriber.cpp:5:10:[m[K [01;31m[Kfatal error: [m[Kopencv2/aruco.hpp: No such file or directory
    5 | #include [01;31m[K<opencv2/aruco.hpp>[m[K
      |          [01;31m[K^~~~~~~~~~~~~~~~~~~[m[K
compilation terminated.
gmake[2]: *** [CMakeFiles/minimal_opencv_ros2_subscriber.dir/build.make:76: CMakeFiles/minimal_opencv_ros2_subscriber.dir/src/minimal_opencv_ros2_subscriber.cpp.o] Error 1
gmake[1]: *** [CMakeFiles/Makefile2:165: CMakeFiles/minimal_opencv_ros2_subscriber.dir/all] Error 2
gmake: *** [Makefile:146: all] Error 2
