[0.021s] Invoking command in '/home/ethan/ros2_ws/build/my_opencv_demo': CMAKE_PREFIX_PATH=${CMAKE_PREFIX_PATH}:/opt/ros/iron /usr/bin/cmake --build /home/ethan/ros2_ws/build/my_opencv_demo -- -j6 -l6
[0.119s] [35m[1mConsolidate compiler generated dependencies of target minimal_opencv_ros2_subscriber[0m
[0.152s] [ 50%] Built target minimal_opencv_ros2_node
[0.170s] [ 75%] [32mBuilding CXX object CMakeFiles/minimal_opencv_ros2_subscriber.dir/src/minimal_opencv_ros2_subscriber.cpp.o[0m
[9.197s] [01m[K/home/ethan/ros2_ws/src/my_opencv_demo/src/minimal_opencv_ros2_subscriber.cpp:[m[K In member function â€˜[01m[Kvoid MinimalImageSubscriber::image_callback(sensor_msgs::msg::Image_<std::allocator<void> >::SharedPtr)[m[Kâ€™:
[9.198s] [01m[K/home/ethan/ros2_ws/src/my_opencv_demo/src/minimal_opencv_ros2_subscriber.cpp:36:39:[m[K [01;31m[Kerror: [m[Kinvalid initialization of reference of type â€˜[01m[Kconst cv::Ptr<cv::aruco::Dictionary>&[m[Kâ€™ from expression of type â€˜[01m[Kcv::aruco::Dictionary[m[Kâ€™
[9.198s]    36 |       cv::aruco::detectMarkers(frame, [01;31m[Kdictionary[m[K, marker_corners, marker_ids);
[9.198s]       |                                       [01;31m[K^~~~~~~~~~[m[K
[9.198s] In file included from [01m[K/home/ethan/ros2_ws/src/my_opencv_demo/src/minimal_opencv_ros2_subscriber.cpp:5[m[K:
[9.199s] [01m[K/usr/local/include/opencv4/opencv2/aruco.hpp:27:74:[m[K [01;36m[Knote: [m[Kin passing argument 2 of â€˜[01m[Kvoid cv::aruco::detectMarkers(cv::InputArray, const cv::Ptr<cv::aruco::Dictionary>&, cv::OutputArrayOfArrays, cv::OutputArray, const cv::Ptr<cv::aruco::DetectorParameters>&, cv::OutputArrayOfArrays)[m[Kâ€™
[9.199s]    27 | CV_EXPORTS_W void detectMarkers(InputArray image, [01;36m[Kconst Ptr<Dictionary> &dictionary[m[K, OutputArrayOfArrays corners,
[9.199s]       |                                                   [01;36m[K~~~~~~~~~~~~~~~~~~~~~~~^~~~~~~~~~[m[K
[16.187s] gmake[2]: *** [CMakeFiles/minimal_opencv_ros2_subscriber.dir/build.make:76: CMakeFiles/minimal_opencv_ros2_subscriber.dir/src/minimal_opencv_ros2_subscriber.cpp.o] Error 1
[16.188s] gmake[1]: *** [CMakeFiles/Makefile2:165: CMakeFiles/minimal_opencv_ros2_subscriber.dir/all] Error 2
[16.189s] gmake: *** [Makefile:146: all] Error 2
[16.197s] Invoked command in '/home/ethan/ros2_ws/build/my_opencv_demo' returned '2': CMAKE_PREFIX_PATH=${CMAKE_PREFIX_PATH}:/opt/ros/iron /usr/bin/cmake --build /home/ethan/ros2_ws/build/my_opencv_demo -- -j6 -l6
