[0.017s] Invoking command in '/home/ethan/ros2_ws/build/my_opencv_demo': CMAKE_PREFIX_PATH=/opt/ros/iron /usr/bin/cmake /home/ethan/ros2_ws/src/my_opencv_demo -DCMAKE_INSTALL_PREFIX=/home/ethan/ros2_ws/install/my_opencv_demo
[0.315s] -- The C compiler identification is GNU 11.4.0
[0.653s] -- The CXX compiler identification is GNU 11.4.0
[0.685s] -- Detecting C compiler ABI info
[0.885s] -- Detecting C compiler ABI info - done
[0.909s] -- Check for working C compiler: /usr/bin/cc - skipped
[0.910s] -- Detecting C compile features
[0.912s] -- Detecting C compile features - done
[0.924s] -- Detecting CXX compiler ABI info
[1.127s] -- Detecting CXX compiler ABI info - done
[1.145s] -- Check for working CXX compiler: /usr/bin/c++ - skipped
[1.145s] -- Detecting CXX compile features
[1.147s] -- Detecting CXX compile features - done
[1.160s] -- Found ament_cmake: 2.0.6 (/opt/ros/iron/share/ament_cmake/cmake)
[1.568s] -- Found Python3: /usr/bin/python3.10 (found version "3.10.12") found components: Interpreter 
[1.847s] -- Found rclcpp: 21.0.7 (/opt/ros/iron/share/rclcpp/cmake)
[2.013s] -- Found rosidl_generator_c: 4.0.1 (/opt/ros/iron/share/rosidl_generator_c/cmake)
[2.044s] -- Found rosidl_generator_cpp: 4.0.1 (/opt/ros/iron/share/rosidl_generator_cpp/cmake)
[2.092s] -- Using all available rosidl_typesupport_c: rosidl_typesupport_fastrtps_c;rosidl_typesupport_introspection_c
[2.142s] -- Using all available rosidl_typesupport_cpp: rosidl_typesupport_fastrtps_cpp;rosidl_typesupport_introspection_cpp
[2.493s] -- Found rmw_implementation_cmake: 7.1.0 (/opt/ros/iron/share/rmw_implementation_cmake/cmake)
[2.500s] -- Found rmw_fastrtps_cpp: 7.1.4 (/opt/ros/iron/share/rmw_fastrtps_cpp/cmake)
[2.738s] -- Found OpenSSL: /usr/lib/aarch64-linux-gnu/libcrypto.so (found version "3.0.2")  
[2.812s] -- Found FastRTPS: /opt/ros/iron/include  
[2.896s] -- Using RMW implementation 'rmw_fastrtps_cpp' as default
[3.256s] -- Found std_msgs: 5.0.1 (/opt/ros/iron/share/std_msgs/cmake)
[3.328s] -- Found sensor_msgs: 5.0.1 (/opt/ros/iron/share/sensor_msgs/cmake)
[3.622s] -- Found cv_bridge: 3.5.0 (/opt/ros/iron/share/cv_bridge/cmake)
[3.660s] -- Found image_transport: 4.2.4 (/opt/ros/iron/share/image_transport/cmake)
[3.762s] -- Found OpenCV: /usr (found version "4.8.0") 
[3.766s] -- Found ament_lint_auto: 0.14.4 (/opt/ros/iron/share/ament_lint_auto/cmake)
[3.974s] -- Added test 'cppcheck' to perform static code analysis on C / C++ code
[3.975s] -- Configured cppcheck include dirs: 
[3.975s] -- Configured cppcheck exclude dirs and/or files: 
[3.976s] -- Added test 'lint_cmake' to check CMake code style
[3.980s] -- Added test 'uncrustify' to check C / C++ code style
[3.980s] -- Configured uncrustify additional arguments: 
[3.982s] -- Added test 'xmllint' to check XML markup files
[3.987s] -- Configuring done
[4.026s] -- Generating done
[4.031s] -- Build files have been written to: /home/ethan/ros2_ws/build/my_opencv_demo
[4.065s] Invoked command in '/home/ethan/ros2_ws/build/my_opencv_demo' returned '0': CMAKE_PREFIX_PATH=/opt/ros/iron /usr/bin/cmake /home/ethan/ros2_ws/src/my_opencv_demo -DCMAKE_INSTALL_PREFIX=/home/ethan/ros2_ws/install/my_opencv_demo
[4.069s] Invoking command in '/home/ethan/ros2_ws/build/my_opencv_demo': CMAKE_PREFIX_PATH=/opt/ros/iron /usr/bin/cmake --build /home/ethan/ros2_ws/build/my_opencv_demo -- -j6 -l6
[4.196s] [ 50%] [32mBuilding CXX object CMakeFiles/minimal_opencv_ros2_node.dir/src/minimal_opencv_ros2_node.cpp.o[0m
[5.028s] In file included from [01m[K/home/ethan/ros2_ws/src/my_opencv_demo/src/minimal_opencv_ros2_node.cpp:5[m[K:
[5.029s] [01m[K/opt/ros/iron/include/cv_bridge/cv_bridge/cv_bridge.h:42:2:[m[K [01;35m[Kwarning: [m[K#warning This header is obsolete, please include cv_bridge/cv_bridge.hpp instead [[01;35m[K]8;;https://gcc.gnu.org/onlinedocs/gcc/Warning-Options.html#index-Wcpp-Wcpp]8;;[m[K]
[5.029s]    42 | #[01;35m[Kwarning[m[K This header is obsolete, please include cv_bridge/cv_bridge.hpp instead
[5.029s]       |  [01;35m[K^~~~~~~[m[K
[13.638s] [01m[K/home/ethan/ros2_ws/src/my_opencv_demo/src/minimal_opencv_ros2_node.cpp:[m[K In constructor â€˜[01m[KMinimalImagePublisher::MinimalImagePublisher()[m[Kâ€™:
[13.639s] [01m[K/home/ethan/ros2_ws/src/my_opencv_demo/src/minimal_opencv_ros2_node.cpp:17:27:[m[K [01;31m[Kerror: [m[Kâ€˜[01m[Kamp[m[Kâ€™ was not declared in this scope
[13.640s]    17 |         500ms, std::bind(&[01;31m[Kamp[m[K;MinimalImagePublisher::timer_callback, this));
[13.640s]       |                           [01;31m[K^~~[m[K
[13.640s] [01m[K/home/ethan/ros2_ws/src/my_opencv_demo/src/minimal_opencv_ros2_node.cpp:17:54:[m[K [01;31m[Kerror: [m[Kinvalid use of non-static member function â€˜[01m[Kvoid MinimalImagePublisher::timer_callback()[m[Kâ€™
[13.641s]    17 |         500ms, std::bind(&amp;[01;31m[KMinimalImagePublisher::timer_callback[m[K, this));
[13.641s]       |                               [01;31m[K~~~~~~~~~~~~~~~~~~~~~~~^~~~~~~~~~~~~~[m[K
[13.641s] [01m[K/home/ethan/ros2_ws/src/my_opencv_demo/src/minimal_opencv_ros2_node.cpp:21:8:[m[K [01;36m[Knote: [m[Kdeclared here
[13.641s]    21 |   void [01;36m[Ktimer_callback[m[K() {
[13.641s]       |        [01;36m[K^~~~~~~~~~~~~~[m[K
[17.337s] gmake[2]: *** [CMakeFiles/minimal_opencv_ros2_node.dir/build.make:76: CMakeFiles/minimal_opencv_ros2_node.dir/src/minimal_opencv_ros2_node.cpp.o] Error 1
[17.337s] gmake[1]: *** [CMakeFiles/Makefile2:137: CMakeFiles/minimal_opencv_ros2_node.dir/all] Error 2
[17.338s] gmake: *** [Makefile:146: all] Error 2
[17.343s] Invoked command in '/home/ethan/ros2_ws/build/my_opencv_demo' returned '2': CMAKE_PREFIX_PATH=/opt/ros/iron /usr/bin/cmake --build /home/ethan/ros2_ws/build/my_opencv_demo -- -j6 -l6
