[0.033s] Invoking command in '/home/ethan/ros2_ws/build/my_opencv_demo': CMAKE_PREFIX_PATH=/home/ethan/ros2_ws/install/cv_bridge:/home/ethan/ros2_ws/install/vision_opencv:/home/ethan/ros2_ws/install/my_opencv_demo:/home/ethan/ros2_ws/install/image_geometry:/home/ethan/ros2_ws/install/opencv_tests:/opt/ros/iron LD_LIBRARY_PATH=/home/ethan/ros2_ws/install/cv_bridge/lib:/home/ethan/ros2_ws/install/image_geometry/lib:/opt/ros/iron/opt/rviz_ogre_vendor/lib:/opt/ros/iron/lib/aarch64-linux-gnu:/opt/ros/iron/lib PYTHONPATH=/home/ethan/ros2_ws/install/cv_bridge/lib/python3.10/site-packages:/home/ethan/ros2_ws/install/opencv_tests/lib/python3.10/site-packages:/home/ethan/ros2_ws/install/image_geometry/lib/python3.10/site-packages:/opt/ros/iron/lib/python3.10/site-packages /usr/bin/cmake --build /home/ethan/ros2_ws/build/my_opencv_demo -- -j6 -l6
[0.127s] [35m[1mConsolidate compiler generated dependencies of target minimal_opencv_ros2_subscriber[0m
[0.167s] [ 50%] Built target minimal_opencv_ros2_node
[0.172s] [ 75%] [32mBuilding CXX object CMakeFiles/minimal_opencv_ros2_subscriber.dir/src/minimal_opencv_ros2_subscriber.cpp.o[0m
[9.264s] [01m[K/home/ethan/ros2_ws/src/my_opencv_demo/src/minimal_opencv_ros2_subscriber.cpp:[m[K In member function â€˜[01m[Kbool MinimalImageSubscriber::loadCustomDictionary(const string&)[m[Kâ€™:
[9.264s] [01m[K/home/ethan/ros2_ws/src/my_opencv_demo/src/minimal_opencv_ros2_subscriber.cpp:37:24:[m[K [01;31m[Kerror: [m[Kâ€˜[01m[KdetectMarkerFromImage[m[Kâ€™ is not a member of â€˜[01m[Kcv::aruco[m[Kâ€™
[9.264s]    37 |             cv::aruco::[01;31m[KdetectMarkerFromImage[m[K(marker_image, marker_bits, dictionary_params_);
[9.264s]       |                        [01;31m[K^~~~~~~~~~~~~~~~~~~~~[m[K
[9.312s] [01m[K/home/ethan/ros2_ws/src/my_opencv_demo/src/minimal_opencv_ros2_subscriber.cpp:37:73:[m[K [01;31m[Kerror: [m[Kâ€˜[01m[Kdictionary_params_[m[Kâ€™ was not declared in this scope
[9.313s]    37 |             cv::aruco::detectMarkerFromImage(marker_image, marker_bits, [01;31m[Kdictionary_params_[m[K);
[9.313s]       |                                                                         [01;31m[K^~~~~~~~~~~~~~~~~~[m[K
[9.314s] [01m[K/home/ethan/ros2_ws/src/my_opencv_demo/src/minimal_opencv_ros2_subscriber.cpp:35:17:[m[K [01;35m[Kwarning: [m[Kunused variable â€˜[01m[Kid[m[Kâ€™ [[01;35m[K]8;;https://gcc.gnu.org/onlinedocs/gcc/Warning-Options.html#index-Wunused-variable-Wunused-variable]8;;[m[K]
[9.314s]    35 |             int [01;35m[Kid[m[K = custom_dictionary_->bytesList.rows; // Use the current number of rows as the ID
[9.314s]       |                 [01;35m[K^~[m[K
[16.421s] gmake[2]: *** [CMakeFiles/minimal_opencv_ros2_subscriber.dir/build.make:76: CMakeFiles/minimal_opencv_ros2_subscriber.dir/src/minimal_opencv_ros2_subscriber.cpp.o] Error 1
[16.422s] gmake[1]: *** [CMakeFiles/Makefile2:165: CMakeFiles/minimal_opencv_ros2_subscriber.dir/all] Error 2
[16.423s] gmake: *** [Makefile:146: all] Error 2
[16.431s] Invoked command in '/home/ethan/ros2_ws/build/my_opencv_demo' returned '2': CMAKE_PREFIX_PATH=/home/ethan/ros2_ws/install/cv_bridge:/home/ethan/ros2_ws/install/vision_opencv:/home/ethan/ros2_ws/install/my_opencv_demo:/home/ethan/ros2_ws/install/image_geometry:/home/ethan/ros2_ws/install/opencv_tests:/opt/ros/iron LD_LIBRARY_PATH=/home/ethan/ros2_ws/install/cv_bridge/lib:/home/ethan/ros2_ws/install/image_geometry/lib:/opt/ros/iron/opt/rviz_ogre_vendor/lib:/opt/ros/iron/lib/aarch64-linux-gnu:/opt/ros/iron/lib PYTHONPATH=/home/ethan/ros2_ws/install/cv_bridge/lib/python3.10/site-packages:/home/ethan/ros2_ws/install/opencv_tests/lib/python3.10/site-packages:/home/ethan/ros2_ws/install/image_geometry/lib/python3.10/site-packages:/opt/ros/iron/lib/python3.10/site-packages /usr/bin/cmake --build /home/ethan/ros2_ws/build/my_opencv_demo -- -j6 -l6
