[0.022s] Invoking command in '/home/ethan/ros2_ws/build/my_opencv_demo': CMAKE_PREFIX_PATH=${CMAKE_PREFIX_PATH}:/opt/ros/iron /usr/bin/cmake --build /home/ethan/ros2_ws/build/my_opencv_demo -- -j6 -l6
[0.110s] [35m[1mConsolidate compiler generated dependencies of target minimal_opencv_ros2_subscriber[0m
[0.138s] [ 25%] [32mBuilding CXX object CMakeFiles/minimal_opencv_ros2_node.dir/src/minimal_opencv_ros2_node.cpp.o[0m
[0.149s] [ 75%] Built target minimal_opencv_ros2_subscriber
[8.952s] [01m[K/home/ethan/ros2_ws/src/my_opencv_demo/src/minimal_opencv_ros2_node.cpp:54:2:[m[K [01;31m[Kerror: [m[Kexpected â€˜[01m[K}[m[Kâ€™ at end of input
[8.952s]    54 | }
[8.953s]       |  [01;31m[K^[m[K
[8.953s] [01m[K/home/ethan/ros2_ws/src/my_opencv_demo/src/minimal_opencv_ros2_node.cpp:11:51:[m[K [01;36m[Knote: [m[Kto match this â€˜[01m[K{[m[Kâ€™
[8.953s]    11 | class MinimalImagePublisher : public rclcpp::Node [01;36m[K{[m[K
[8.953s]       |                                                   [01;36m[K^[m[K
[8.953s] [01m[K/home/ethan/ros2_ws/src/my_opencv_demo/src/minimal_opencv_ros2_node.cpp:[m[K In constructor â€˜[01m[KMinimalImagePublisher::MinimalImagePublisher()[m[Kâ€™:
[8.953s] [01m[K/home/ethan/ros2_ws/src/my_opencv_demo/src/minimal_opencv_ros2_node.cpp:13:61:[m[K [01;31m[Kerror: [m[Kclass â€˜[01m[KMinimalImagePublisher[m[Kâ€™ does not have any field named â€˜[01m[Kcount_[m[Kâ€™
[8.953s]    13 |   MinimalImagePublisher() : Node("opencv_image_publisher"), [01;31m[Kcount_[m[K(0) {
[8.953s]       |                                                             [01;31m[K^~~~~~[m[K
[8.982s] [01m[K/home/ethan/ros2_ws/src/my_opencv_demo/src/minimal_opencv_ros2_node.cpp:15:5:[m[K [01;31m[Kerror: [m[Kâ€˜[01m[Kcap_[m[Kâ€™ was not declared in this scope
[8.983s]    15 |     [01;31m[Kcap_[m[K.open(0);
[8.983s]       |     [01;31m[K^~~~[m[K
[9.018s] [01m[K/home/ethan/ros2_ws/src/my_opencv_demo/src/minimal_opencv_ros2_node.cpp:21:5:[m[K [01;31m[Kerror: [m[Kâ€˜[01m[Kpublisher_[m[Kâ€™ was not declared in this scope; did you mean â€˜[01m[Krmw_publisher_t[m[Kâ€™?
[9.019s]    21 |     [01;31m[Kpublisher_[m[K = this->create_publisher<sensor_msgs::msg::Image>("camera_image", 10);
[9.019s]       |     [01;31m[K^~~~~~~~~~[m[K
[9.019s]       |     [32m[Krmw_publisher_t[m[K
[9.053s] [01m[K/home/ethan/ros2_ws/src/my_opencv_demo/src/minimal_opencv_ros2_node.cpp:22:5:[m[K [01;31m[Kerror: [m[Kâ€˜[01m[Ktimer_[m[Kâ€™ was not declared in this scope; did you mean â€˜[01m[Ktimer_t[m[Kâ€™?
[9.053s]    22 |     [01;31m[Ktimer_[m[K = this->create_wall_timer(
[9.054s]       |     [01;31m[K^~~~~~[m[K
[9.054s]       |     [32m[Ktimer_t[m[K
[9.106s] [01m[K/home/ethan/ros2_ws/src/my_opencv_demo/src/minimal_opencv_ros2_node.cpp:[m[K In member function â€˜[01m[Kvoid MinimalImagePublisher::timer_callback()[m[Kâ€™:
[9.107s] [01m[K/home/ethan/ros2_ws/src/my_opencv_demo/src/minimal_opencv_ros2_node.cpp:28:3:[m[K [01;31m[Kerror: [m[Kâ€˜[01m[Kcap_[m[Kâ€™ was not declared in this scope
[9.107s]    28 |   [01;31m[Kcap_[m[K >> frame;  // Capture a frame from the camera
[9.107s]       |   [01;31m[K^~~~[m[K
[9.180s] [01m[K/home/ethan/ros2_ws/src/my_opencv_demo/src/minimal_opencv_ros2_node.cpp:39:5:[m[K [01;31m[Kerror: [m[Kâ€˜[01m[Kmsg_[m[Kâ€™ was not declared in this scope
[9.180s]    39 |     [01;31m[Kmsg_[m[K = cv_bridge::CvImage(std_msgs::msg::Header(), "bgr8", frame).toImageMsg();
[9.181s]       |     [01;31m[K^~~~[m[K
[9.225s] [01m[K/home/ethan/ros2_ws/src/my_opencv_demo/src/minimal_opencv_ros2_node.cpp:40:5:[m[K [01;31m[Kerror: [m[Kâ€˜[01m[Kpublisher_[m[Kâ€™ was not declared in this scope; did you mean â€˜[01m[Krmw_publisher_t[m[Kâ€™?
[9.225s]    40 |     [01;31m[Kpublisher_[m[K->publish(*msg_);
[9.225s]       |     [01;31m[K^~~~~~~~~~[m[K
[9.225s]       |     [32m[Krmw_publisher_t[m[K
[9.254s] In file included from [01m[K/opt/ros/iron/include/rclcpp/rclcpp/logging.hpp:24[m[K,
[9.254s]                  from [01m[K/opt/ros/iron/include/rclcpp/rclcpp/client.hpp:43[m[K,
[9.254s]                  from [01m[K/opt/ros/iron/include/rclcpp/rclcpp/callback_group.hpp:24[m[K,
[9.254s]                  from [01m[K/opt/ros/iron/include/rclcpp/rclcpp/any_executable.hpp:20[m[K,
[9.254s]                  from [01m[K/opt/ros/iron/include/rclcpp/rclcpp/memory_strategy.hpp:25[m[K,
[9.254s]                  from [01m[K/opt/ros/iron/include/rclcpp/rclcpp/memory_strategies.hpp:18[m[K,
[9.255s]                  from [01m[K/opt/ros/iron/include/rclcpp/rclcpp/executor_options.hpp:20[m[K,
[9.255s]                  from [01m[K/opt/ros/iron/include/rclcpp/rclcpp/executor.hpp:37[m[K,
[9.255s]                  from [01m[K/opt/ros/iron/include/rclcpp/rclcpp/executors/multi_threaded_executor.hpp:25[m[K,
[9.256s]                  from [01m[K/opt/ros/iron/include/rclcpp/rclcpp/executors.hpp:21[m[K,
[9.256s]                  from [01m[K/opt/ros/iron/include/rclcpp/rclcpp/rclcpp.hpp:167[m[K,
[9.256s]                  from [01m[K/home/ethan/ros2_ws/src/my_opencv_demo/src/minimal_opencv_ros2_node.cpp:1[m[K:
[9.256s] [01m[K/home/ethan/ros2_ws/src/my_opencv_demo/src/minimal_opencv_ros2_node.cpp:41:60:[m[K [01;31m[Kerror: [m[Kâ€˜[01m[Kcount_[m[Kâ€™ was not declared in this scope
[9.257s]    41 |     RCLCPP_INFO(this->get_logger(), "Frame %ld published", [01;31m[Kcount_[m[K);
[9.257s]       |                                                            [01;31m[K^~~~~~[m[K
[9.280s] [01m[K/home/ethan/ros2_ws/src/my_opencv_demo/src/minimal_opencv_ros2_node.cpp:42:5:[m[K [01;31m[Kerror: [m[Kâ€˜[01m[Kcount_[m[Kâ€™ was not declared in this scope
[9.281s]    42 |     [01;31m[Kcount_[m[K++;
[9.281s]       |     [01;31m[K^~~~~~[m[K
[9.295s] [01m[K/home/ethan/ros2_ws/src/my_opencv_demo/src/minimal_opencv_ros2_node.cpp:[m[K At global scope:
[9.295s] [01m[K/home/ethan/ros2_ws/src/my_opencv_demo/src/minimal_opencv_ros2_node.cpp:54:2:[m[K [01;31m[Kerror: [m[Kexpected unqualified-id at end of input
[9.296s]    54 | }
[9.296s]       |  [01;31m[K^[m[K
[12.741s] gmake[2]: *** [CMakeFiles/minimal_opencv_ros2_node.dir/build.make:76: CMakeFiles/minimal_opencv_ros2_node.dir/src/minimal_opencv_ros2_node.cpp.o] Error 1
[12.741s] gmake[1]: *** [CMakeFiles/Makefile2:139: CMakeFiles/minimal_opencv_ros2_node.dir/all] Error 2
[12.742s] gmake: *** [Makefile:146: all] Error 2
[12.748s] Invoked command in '/home/ethan/ros2_ws/build/my_opencv_demo' returned '2': CMAKE_PREFIX_PATH=${CMAKE_PREFIX_PATH}:/opt/ros/iron /usr/bin/cmake --build /home/ethan/ros2_ws/build/my_opencv_demo -- -j6 -l6
