[0.016s] Invoking command in '/home/ethan/ros2_ws/build/my_opencv_demo': /usr/bin/cmake --build /home/ethan/ros2_ws/build/my_opencv_demo -- -j6 -l6
[0.098s] [35m[1mConsolidate compiler generated dependencies of target minimal_opencv_ros2_subscriber[0m
[0.136s] [ 50%] Built target minimal_opencv_ros2_node
[0.144s] [ 75%] [32mBuilding CXX object CMakeFiles/minimal_opencv_ros2_subscriber.dir/src/minimal_opencv_ros2_subscriber.cpp.o[0m
[8.894s] [01m[K/home/ethan/ros2_ws/src/my_opencv_demo/src/minimal_opencv_ros2_subscriber.cpp:[m[K In member function â€˜[01m[Kvoid MinimalImageSubscriber::image_callback(sensor_msgs::msg::Image_<std::allocator<void> >::SharedPtr)[m[Kâ€™:
[8.895s] [01m[K/home/ethan/ros2_ws/src/my_opencv_demo/src/minimal_opencv_ros2_subscriber.cpp:31:73:[m[K [01;31m[Kerror: [m[Kâ€˜[01m[Kcount_[m[Kâ€™ was not declared in this scope
[8.895s]    31 | std::string filename = folder_path + "received_frame_" + std::to_string([01;31m[Kcount_[m[K) + ".jpg";
[8.895s]       |                                                                         [01;31m[K^~~~~~[m[K
[15.782s] gmake[2]: *** [CMakeFiles/minimal_opencv_ros2_subscriber.dir/build.make:76: CMakeFiles/minimal_opencv_ros2_subscriber.dir/src/minimal_opencv_ros2_subscriber.cpp.o] Error 1
[15.783s] gmake[1]: *** [CMakeFiles/Makefile2:165: CMakeFiles/minimal_opencv_ros2_subscriber.dir/all] Error 2
[15.784s] gmake: *** [Makefile:146: all] Error 2
[15.790s] Invoked command in '/home/ethan/ros2_ws/build/my_opencv_demo' returned '2': /usr/bin/cmake --build /home/ethan/ros2_ws/build/my_opencv_demo -- -j6 -l6
