[0.020s] Invoking command in '/home/ethan/ros2_ws/build/my_opencv_demo': CMAKE_PREFIX_PATH=${CMAKE_PREFIX_PATH}:/opt/ros/iron /usr/bin/cmake --build /home/ethan/ros2_ws/build/my_opencv_demo -- -j6 -l6
[0.073s] -- Found ament_cmake: 2.0.6 (/opt/ros/iron/share/ament_cmake/cmake)
[0.398s] -- Found rclcpp: 21.0.7 (/opt/ros/iron/share/rclcpp/cmake)
[0.472s] -- Found rosidl_generator_c: 4.0.1 (/opt/ros/iron/share/rosidl_generator_c/cmake)
[0.488s] -- Found rosidl_generator_cpp: 4.0.1 (/opt/ros/iron/share/rosidl_generator_cpp/cmake)
[0.511s] -- Using all available rosidl_typesupport_c: rosidl_typesupport_fastrtps_c;rosidl_typesupport_introspection_c
[0.540s] -- Using all available rosidl_typesupport_cpp: rosidl_typesupport_fastrtps_cpp;rosidl_typesupport_introspection_cpp
[0.821s] -- Found rmw_implementation_cmake: 7.1.0 (/opt/ros/iron/share/rmw_implementation_cmake/cmake)
[0.823s] -- Found rmw_fastrtps_cpp: 7.1.4 (/opt/ros/iron/share/rmw_fastrtps_cpp/cmake)
[1.042s] -- Using RMW implementation 'rmw_fastrtps_cpp' as default
[1.348s] -- Found std_msgs: 5.0.1 (/opt/ros/iron/share/std_msgs/cmake)
[1.405s] -- Found sensor_msgs: 5.0.1 (/opt/ros/iron/share/sensor_msgs/cmake)
[1.666s] -- Found cv_bridge: 3.5.0 (/opt/ros/iron/share/cv_bridge/cmake)
[1.695s] -- Found image_transport: 4.2.4 (/opt/ros/iron/share/image_transport/cmake)
[1.761s] -- Found ament_lint_auto: 0.14.4 (/opt/ros/iron/share/ament_lint_auto/cmake)
[1.926s] -- Added test 'cppcheck' to perform static code analysis on C / C++ code
[1.927s] -- Configured cppcheck include dirs: 
[1.927s] -- Configured cppcheck exclude dirs and/or files: 
[1.928s] -- Added test 'flake8' to check Python code syntax and style conventions
[1.928s] -- Configured 'flake8' exclude dirs and/or files: 
[1.928s] -- Added test 'lint_cmake' to check CMake code style
[1.929s] -- Added test 'pep257' to check Python code against some of the docstring style conventions in PEP 257
[1.930s] -- Added test 'uncrustify' to check C / C++ code style
[1.931s] -- Configured uncrustify additional arguments: 
[1.931s] -- Added test 'xmllint' to check XML markup files
[1.933s] -- Configuring done
[1.970s] -- Generating done
[1.974s] -- Build files have been written to: /home/ethan/ros2_ws/build/my_opencv_demo
[2.042s] [35m[1mConsolidate compiler generated dependencies of target minimal_opencv_ros2_subscriber[0m
[2.051s] [35m[1mConsolidate compiler generated dependencies of target minimal_opencv_ros2_node[0m
[2.092s] [ 25%] [32mBuilding CXX object CMakeFiles/minimal_opencv_ros2_subscriber.dir/src/minimal_opencv_ros2_subscriber.cpp.o[0m
[2.106s] [ 75%] Built target minimal_opencv_ros2_node
[2.937s] [01m[K/home/ethan/ros2_ws/src/my_opencv_demo/src/minimal_opencv_ros2_subscriber.cpp:7:10:[m[K [01;31m[Kfatal error: [m[Kopencv2/aruco.hpp: No such file or directory
[2.937s]     7 | #include [01;31m[K<opencv2/aruco.hpp>[m[K
[2.938s]       |          [01;31m[K^~~~~~~~~~~~~~~~~~~[m[K
[2.938s] compilation terminated.
[2.946s] gmake[2]: *** [CMakeFiles/minimal_opencv_ros2_subscriber.dir/build.make:76: CMakeFiles/minimal_opencv_ros2_subscriber.dir/src/minimal_opencv_ros2_subscriber.cpp.o] Error 1
[2.947s] gmake[1]: *** [CMakeFiles/Makefile2:165: CMakeFiles/minimal_opencv_ros2_subscriber.dir/all] Error 2
[2.948s] gmake: *** [Makefile:146: all] Error 2
[2.955s] Invoked command in '/home/ethan/ros2_ws/build/my_opencv_demo' returned '2': CMAKE_PREFIX_PATH=${CMAKE_PREFIX_PATH}:/opt/ros/iron /usr/bin/cmake --build /home/ethan/ros2_ws/build/my_opencv_demo -- -j6 -l6
