[0.024s] Invoking command in '/home/ethan/ros2_ws/build/my_opencv_demo': CMAKE_PREFIX_PATH=${CMAKE_PREFIX_PATH}:/opt/ros/iron /usr/bin/cmake --build /home/ethan/ros2_ws/build/my_opencv_demo -- -j6 -l6
[0.086s] -- Found ament_cmake: 2.0.6 (/opt/ros/iron/share/ament_cmake/cmake)
[0.508s] -- Found rclcpp: 21.0.7 (/opt/ros/iron/share/rclcpp/cmake)
[0.643s] -- Found rosidl_generator_c: 4.0.1 (/opt/ros/iron/share/rosidl_generator_c/cmake)
[0.670s] -- Found rosidl_generator_cpp: 4.0.1 (/opt/ros/iron/share/rosidl_generator_cpp/cmake)
[0.714s] -- Using all available rosidl_typesupport_c: rosidl_typesupport_fastrtps_c;rosidl_typesupport_introspection_c
[0.765s] -- Using all available rosidl_typesupport_cpp: rosidl_typesupport_fastrtps_cpp;rosidl_typesupport_introspection_cpp
[1.108s] -- Found rmw_implementation_cmake: 7.1.0 (/opt/ros/iron/share/rmw_implementation_cmake/cmake)
[1.114s] -- Found rmw_fastrtps_cpp: 7.1.4 (/opt/ros/iron/share/rmw_fastrtps_cpp/cmake)
[1.376s] -- Using RMW implementation 'rmw_fastrtps_cpp' as default
[1.760s] -- Found std_msgs: 5.0.1 (/opt/ros/iron/share/std_msgs/cmake)
[1.834s] -- Found sensor_msgs: 5.0.1 (/opt/ros/iron/share/sensor_msgs/cmake)
[2.126s] -- Found cv_bridge: 3.5.0 (/opt/ros/iron/share/cv_bridge/cmake)
[2.157s] -- Found image_transport: 4.2.4 (/opt/ros/iron/share/image_transport/cmake)
[2.246s] -- Found ament_lint_auto: 0.14.4 (/opt/ros/iron/share/ament_lint_auto/cmake)
[2.434s] -- Added test 'cppcheck' to perform static code analysis on C / C++ code
[2.434s] -- Configured cppcheck include dirs: 
[2.434s] -- Configured cppcheck exclude dirs and/or files: 
[2.436s] -- Added test 'flake8' to check Python code syntax and style conventions
[2.436s] -- Configured 'flake8' exclude dirs and/or files: 
[2.438s] -- Added test 'lint_cmake' to check CMake code style
[2.440s] -- Added test 'pep257' to check Python code against some of the docstring style conventions in PEP 257
[2.443s] -- Added test 'uncrustify' to check C / C++ code style
[2.443s] -- Configured uncrustify additional arguments: 
[2.445s] -- Added test 'xmllint' to check XML markup files
[2.450s] -- Configuring done
[2.510s] -- Generating done
[2.517s] -- Build files have been written to: /home/ethan/ros2_ws/build/my_opencv_demo
[2.606s] [35m[1mConsolidate compiler generated dependencies of target minimal_opencv_ros2_node[0m
[2.606s] [35m[1mConsolidate compiler generated dependencies of target minimal_opencv_ros2_subscriber[0m
[2.656s] [ 50%] [32mBuilding CXX object CMakeFiles/minimal_opencv_ros2_subscriber.dir/src/minimal_opencv_ros2_subscriber.cpp.o[0m
[2.656s] [ 50%] [32mBuilding CXX object CMakeFiles/minimal_opencv_ros2_node.dir/src/minimal_opencv_ros2_node.cpp.o[0m
[3.412s] [01m[K/home/ethan/ros2_ws/src/my_opencv_demo/src/minimal_opencv_ros2_subscriber.cpp:7:10:[m[K [01;31m[Kfatal error: [m[Kopencv2/aruco.hpp: No such file or directory
[3.413s]     7 | #include [01;31m[K<opencv2/aruco.hpp>[m[K
[3.413s]       |          [01;31m[K^~~~~~~~~~~~~~~~~~~[m[K
[3.413s] compilation terminated.
[3.422s] gmake[2]: *** [CMakeFiles/minimal_opencv_ros2_subscriber.dir/build.make:76: CMakeFiles/minimal_opencv_ros2_subscriber.dir/src/minimal_opencv_ros2_subscriber.cpp.o] Error 1
[3.422s] gmake[1]: *** [CMakeFiles/Makefile2:165: CMakeFiles/minimal_opencv_ros2_subscriber.dir/all] Error 2
[3.422s] gmake[1]: *** Waiting for unfinished jobs....
[19.878s] [ 75%] [32m[1mLinking CXX executable minimal_opencv_ros2_node[0m
[20.752s] /usr/bin/ld: warning: libopencv_core.so.4.5d, needed by /opt/ros/iron/lib/libcv_bridge.so, may conflict with libopencv_core.so.408
[22.755s] [ 75%] Built target minimal_opencv_ros2_node
[22.759s] gmake: *** [Makefile:146: all] Error 2
[22.764s] Invoked command in '/home/ethan/ros2_ws/build/my_opencv_demo' returned '2': CMAKE_PREFIX_PATH=${CMAKE_PREFIX_PATH}:/opt/ros/iron /usr/bin/cmake --build /home/ethan/ros2_ws/build/my_opencv_demo -- -j6 -l6
