[0.020s] Invoking command in '/home/ethan/ros2_ws/build/my_opencv_demo': CMAKE_PREFIX_PATH=${CMAKE_PREFIX_PATH}:/opt/ros/iron /usr/bin/cmake --build /home/ethan/ros2_ws/build/my_opencv_demo -- -j6 -l6
[0.113s] [35m[1mConsolidate compiler generated dependencies of target minimal_opencv_ros2_node[0m
[0.141s] [ 25%] [32mBuilding CXX object CMakeFiles/minimal_opencv_ros2_subscriber.dir/src/minimal_opencv_ros2_subscriber.cpp.o[0m
[0.151s] [ 75%] Built target minimal_opencv_ros2_node
[0.833s] [01m[K/home/ethan/ros2_ws/src/my_opencv_demo/src/minimal_opencv_ros2_subscriber.cpp:7:10:[m[K [01;31m[Kfatal error: [m[Kopencv2/aruco.hpp: No such file or directory
[0.833s]     7 | #include [01;31m[K<opencv2/aruco.hpp>[m[K
[0.833s]       |          [01;31m[K^~~~~~~~~~~~~~~~~~~[m[K
[0.833s] compilation terminated.
[0.842s] gmake[2]: *** [CMakeFiles/minimal_opencv_ros2_subscriber.dir/build.make:76: CMakeFiles/minimal_opencv_ros2_subscriber.dir/src/minimal_opencv_ros2_subscriber.cpp.o] Error 1
[0.843s] gmake[1]: *** [CMakeFiles/Makefile2:165: CMakeFiles/minimal_opencv_ros2_subscriber.dir/all] Error 2
[0.844s] gmake: *** [Makefile:146: all] Error 2
[0.851s] Invoked command in '/home/ethan/ros2_ws/build/my_opencv_demo' returned '2': CMAKE_PREFIX_PATH=${CMAKE_PREFIX_PATH}:/opt/ros/iron /usr/bin/cmake --build /home/ethan/ros2_ws/build/my_opencv_demo -- -j6 -l6
