[35m[1mConsolidate compiler generated dependencies of target minimal_opencv_ros2_subscriber[0m
[ 50%] Built target minimal_opencv_ros2_node
[ 75%] [32mBuilding CXX object CMakeFiles/minimal_opencv_ros2_subscriber.dir/src/minimal_opencv_ros2_subscriber.cpp.o[0m
[01m[K/home/ethan/ros2_ws/src/my_opencv_demo/src/minimal_opencv_ros2_subscriber.cpp:[m[K In member function â€˜[01m[Kbool MinimalImageSubscriber::loadCustomDictionary(const string&)[m[Kâ€™:
[01m[K/home/ethan/ros2_ws/src/my_opencv_demo/src/minimal_opencv_ros2_subscriber.cpp:37:24:[m[K [01;31m[Kerror: [m[Kâ€˜[01m[KdetectMarkerFromImage[m[Kâ€™ is not a member of â€˜[01m[Kcv::aruco[m[Kâ€™
   37 |             cv::aruco::[01;31m[KdetectMarkerFromImage[m[K(marker_image, marker_bits, dictionary_params_);
      |                        [01;31m[K^~~~~~~~~~~~~~~~~~~~~[m[K
[01m[K/home/ethan/ros2_ws/src/my_opencv_demo/src/minimal_opencv_ros2_subscriber.cpp:37:73:[m[K [01;31m[Kerror: [m[Kâ€˜[01m[Kdictionary_params_[m[Kâ€™ was not declared in this scope
   37 |             cv::aruco::detectMarkerFromImage(marker_image, marker_bits, [01;31m[Kdictionary_params_[m[K);
      |                                                                         [01;31m[K^~~~~~~~~~~~~~~~~~[m[K
[01m[K/home/ethan/ros2_ws/src/my_opencv_demo/src/minimal_opencv_ros2_subscriber.cpp:35:17:[m[K [01;35m[Kwarning: [m[Kunused variable â€˜[01m[Kid[m[Kâ€™ [[01;35m[K]8;;https://gcc.gnu.org/onlinedocs/gcc/Warning-Options.html#index-Wunused-variable-Wunused-variable]8;;[m[K]
   35 |             int [01;35m[Kid[m[K = custom_dictionary_->bytesList.rows; // Use the current number of rows as the ID
      |                 [01;35m[K^~[m[K
gmake[2]: *** [CMakeFiles/minimal_opencv_ros2_subscriber.dir/build.make:76: CMakeFiles/minimal_opencv_ros2_subscriber.dir/src/minimal_opencv_ros2_subscriber.cpp.o] Error 1
gmake[1]: *** [CMakeFiles/Makefile2:165: CMakeFiles/minimal_opencv_ros2_subscriber.dir/all] Error 2
gmake: *** [Makefile:146: all] Error 2
