[01m[K/home/ethan/ros2_ws/src/my_opencv_demo/src/minimal_opencv_ros2_subscriber.cpp:[m[K In member function â€˜[01m[Kvoid MinimalImageSubscriber::image_callback(sensor_msgs::msg::Image_<std::allocator<void> >::SharedPtr)[m[Kâ€™:
[01m[K/home/ethan/ros2_ws/src/my_opencv_demo/src/minimal_opencv_ros2_subscriber.cpp:31:5:[m[K [01;31m[Kerror: [m[Kâ€˜[01m[Kensure_folder_exists[m[Kâ€™ was not declared in this scope
   31 |     [01;31m[Kensure_folder_exists[m[K(folder_path);
      |     [01;31m[K^~~~~~~~~~~~~~~~~~~~[m[K
[01m[K/home/ethan/ros2_ws/src/my_opencv_demo/src/minimal_opencv_ros2_subscriber.cpp:34:77:[m[K [01;31m[Kerror: [m[Kâ€˜[01m[Kcount_[m[Kâ€™ was not declared in this scope
   34 |     std::string filename = folder_path + "received_frame_" + std::to_string([01;31m[Kcount_[m[K) + ".jpg";
      |                                                                             [01;31m[K^~~~~~[m[K
gmake[2]: *** [CMakeFiles/minimal_opencv_ros2_subscriber.dir/build.make:76: CMakeFiles/minimal_opencv_ros2_subscriber.dir/src/minimal_opencv_ros2_subscriber.cpp.o] Error 1
gmake[1]: *** [CMakeFiles/Makefile2:165: CMakeFiles/minimal_opencv_ros2_subscriber.dir/all] Error 2
gmake: *** [Makefile:146: all] Error 2
